<?xml version="1.0" encoding="UTF-8"?>
<testng-results skipped="0" failed="0" total="1" passed="1">
  <reporter-output>
  </reporter-output>
  <suite name="Default suite" duration-ms="8429" started-at="2016-07-22T22:17:16Z" finished-at="2016-07-22T22:17:24Z">
    <groups>
    </groups>
    <test name="Default test" duration-ms="8429" started-at="2016-07-22T22:17:16Z" finished-at="2016-07-22T22:17:24Z">
      <class name="ru.stqa.selenium.SearchMovie">
        <test-method status="PASS" signature="initTestSuite()[pri:0, instance:ru.stqa.selenium.SearchMovie@6d4b1c02]" name="initTestSuite" is-config="true" duration-ms="124" started-at="2016-07-23T01:17:15Z" finished-at="2016-07-23T01:17:16Z">
          <reporter-output>
          </reporter-output>
        </test-method> <!-- initTestSuite -->
        <test-method status="PASS" signature="initWebDriver()[pri:0, instance:ru.stqa.selenium.SearchMovie@6d4b1c02]" name="initWebDriver" is-config="true" duration-ms="5724" started-at="2016-07-23T01:17:16Z" finished-at="2016-07-23T01:17:21Z">
          <reporter-output>
          </reporter-output>
        </test-method> <!-- initWebDriver -->
        <test-method status="PASS" signature="testSearchMovie()[pri:0, instance:ru.stqa.selenium.SearchMovie@6d4b1c02]" name="testSearchMovie" duration-ms="2686" started-at="2016-07-23T01:17:21Z" finished-at="2016-07-23T01:17:24Z">
          <reporter-output>
          </reporter-output>
        </test-method> <!-- testSearchMovie -->
        <test-method status="PASS" signature="tearDown()[pri:0, instance:ru.stqa.selenium.SearchMovie@6d4b1c02]" name="tearDown" is-config="true" duration-ms="822" started-at="2016-07-23T01:17:24Z" finished-at="2016-07-23T01:17:25Z">
          <reporter-output>
          </reporter-output>
        </test-method> <!-- tearDown -->
      </class> <!-- ru.stqa.selenium.SearchMovie -->
    </test> <!-- Default test -->
  </suite> <!-- Default suite -->
</testng-results>
