<?xml version="1.0" encoding="UTF-8"?>
<testng-results skipped="0" failed="0" total="1" passed="1">
  <reporter-output>
  </reporter-output>
  <suite name="Default suite" duration-ms="15654" started-at="2016-07-26T05:28:47Z" finished-at="2016-07-26T05:29:03Z">
    <groups>
    </groups>
    <test name="Default test" duration-ms="15654" started-at="2016-07-26T05:28:47Z" finished-at="2016-07-26T05:29:03Z">
      <class name="ru.stqa.selenium.SearchMovieWithResultFalse">
        <test-method status="PASS" signature="initTestSuite()[pri:0, instance:ru.stqa.selenium.SearchMovieWithResultFalse@6d4b1c02]" name="initTestSuite" is-config="true" duration-ms="101" started-at="2016-07-26T08:28:47Z" finished-at="2016-07-26T08:28:47Z">
          <reporter-output>
          </reporter-output>
        </test-method> <!-- initTestSuite -->
        <test-method status="PASS" signature="initWebDriver()[pri:0, instance:ru.stqa.selenium.SearchMovieWithResultFalse@6d4b1c02]" name="initWebDriver" is-config="true" duration-ms="5479" started-at="2016-07-26T08:28:47Z" finished-at="2016-07-26T08:28:53Z">
          <reporter-output>
          </reporter-output>
        </test-method> <!-- initWebDriver -->
        <test-method status="PASS" signature="testSearchMovieResFalse()[pri:0, instance:ru.stqa.selenium.SearchMovieWithResultFalse@6d4b1c02]" name="testSearchMovieResFalse" duration-ms="10160" started-at="2016-07-26T08:28:53Z" finished-at="2016-07-26T08:29:03Z">
          <reporter-output>
          </reporter-output>
        </test-method> <!-- testSearchMovieResFalse -->
        <test-method status="PASS" signature="tearDown()[pri:0, instance:ru.stqa.selenium.SearchMovieWithResultFalse@6d4b1c02]" name="tearDown" is-config="true" duration-ms="610" started-at="2016-07-26T08:29:03Z" finished-at="2016-07-26T08:29:04Z">
          <reporter-output>
          </reporter-output>
        </test-method> <!-- tearDown -->
      </class> <!-- ru.stqa.selenium.SearchMovieWithResultFalse -->
    </test> <!-- Default test -->
  </suite> <!-- Default suite -->
</testng-results>
